<?xml version="1.0" encoding="UTF-8"?>
<!-- Generated by org.testng.reporters.JUnitReportReporter -->
<testsuite skipped="0" hostname="VIGNESH-PC" name="GridScript.grid.JqueryUi" tests="1" failures="0" timestamp="10 Jun 2018 11:09:57 GMT" time="10.112" errors="0">
  <testcase name="frame" time="10.112" classname="GridScript.grid.JqueryUi"/>
</testsuite> <!-- GridScript.grid.JqueryUi -->
